<?xml version="1.0" encoding="UTF-8"?>
<!-- Generated by org.testng.reporters.JUnitReportReporter -->
<testsuite hostname="Praveen404" failures="0" tests="1" name="com.OHRM.WebApplicationTest.logInTest" time="11.088" errors="0" timestamp="2023-12-23T19:02:21 IST" skipped="0">
  <testcase classname="com.OHRM.WebApplicationTest.logInTest" name="Login" time="11.088"/>
  <system-out/>
</testsuite> <!-- com.OHRM.WebApplicationTest.logInTest -->
